  main.cpp
C:\Users\Bianca Milea\Desktop\uni\oop\lab\DoubleLinkedList2\examenVar3\DoubleLinkedList.h(13,57): error C2512: 'Node<T>': no appropriate default constructor available
C:\Users\Bianca Milea\Desktop\uni\oop\lab\DoubleLinkedList2\examenVar3\DoubleLinkedList.h(13,57): error C2512:         with
C:\Users\Bianca Milea\Desktop\uni\oop\lab\DoubleLinkedList2\examenVar3\DoubleLinkedList.h(13,57): error C2512:         [
C:\Users\Bianca Milea\Desktop\uni\oop\lab\DoubleLinkedList2\examenVar3\DoubleLinkedList.h(13,57): error C2512:             T=int
C:\Users\Bianca Milea\Desktop\uni\oop\lab\DoubleLinkedList2\examenVar3\DoubleLinkedList.h(13,57): error C2512:         ]
  (compiling source file 'main.cpp')
  C:\Users\Bianca Milea\Desktop\uni\oop\lab\DoubleLinkedList2\examenVar3\DoubleLinkedList.h(7,33):
  see declaration of 'Node<T>'
          with
          [
              T=int
          ]
  C:\Users\Bianca Milea\Desktop\uni\oop\lab\DoubleLinkedList2\examenVar3\DoubleLinkedList.h(13,57):
  the template instantiation context (the oldest one first) is
  	C:\Users\Bianca Milea\Desktop\uni\oop\lab\DoubleLinkedList2\examenVar3\main.cpp(19,24):
  	see reference to class template instantiation 'DoubleLinkedList<int>' being compiled
  	C:\Users\Bianca Milea\Desktop\uni\oop\lab\DoubleLinkedList2\examenVar3\DoubleLinkedList.h(13,2):
  	while compiling class template member function 'DoubleLinkedList<int>::DoubleLinkedList(void)'
  		C:\Users\Bianca Milea\Desktop\uni\oop\lab\DoubleLinkedList2\examenVar3\main.cpp(19,24):
  		see the first reference to 'DoubleLinkedList<int>::DoubleLinkedList' in 'main'
  
